<?xml version="1.0" encoding="UTF-8"?>
<!-- Generated by org.testng.reporters.JUnitXMLReporter -->
<testsuite ignored="0" hostname="DESKTOP-JJG0ETL" failures="0" tests="9" name="Test" time="0.132" errors="0" timestamp="2024-04-12T16:20:12 IST">
  <testcase classname="com.TestNG_BatchlExecution.SampleTest" name="Sample1Test" time="0.014"/>
  <testcase classname="com.TestNG_BatchlExecution.SampleTest" name="Sample2Test" time="0.005"/>
  <testcase classname="com.TestNG_BatchlExecution.SampleTest" name="Sample3Test" time="0.002"/>
  <testcase classname="com.TestNG_BatchlExecution.PracticeTest" name="Practice1Test" time="0.002"/>
  <testcase classname="com.TestNG_BatchlExecution.PracticeTest" name="Practice2Test" time="0.005"/>
  <testcase classname="com.TestNG_BatchlExecution.PracticeTest" name="Practice3Test" time="0.003"/>
  <testcase classname="com.TestNG_BatchlExecution.DemoTest" name="CreateTest" time="0.004"/>
  <testcase classname="com.TestNG_BatchlExecution.DemoTest" name="DeleteTest" time="0.006"/>
  <testcase classname="com.TestNG_BatchlExecution.DemoTest" name="EditTest" time="0.002"/>
</testsuite> <!-- Test -->
