<?xml version="1.0" encoding="UTF-8"?>
<!-- Generated by org.testng.reporters.JUnitXMLReporter -->
<testsuite ignored="0" hostname="DESKTOP-JJG0ETL" failures="0" tests="3" name="Test3" time="0.13" errors="0" timestamp="2024-04-11T12:38:45 IST">
  <testcase classname="com.TestNG_BatchlExecution.SampleTest" name="Sample1Test" time="0.013"/>
  <testcase classname="com.TestNG_BatchlExecution.SampleTest" name="Sample2Test" time="0.005"/>
  <testcase classname="com.TestNG_BatchlExecution.SampleTest" name="Sample3Test" time="0.014"/>
</testsuite> <!-- Test3 -->
